<?xml version="1.0" encoding="utf-8"?><testsuites name="pytest tests"><testsuite name="pytest" errors="0" failures="0" skipped="0" tests="14" time="3.282" timestamp="2026-06-24T09:05:26.916707+00:00" hostname="agent-env-4e207011-8240-47ba-908c-ceaf9187b71d"><testcase classname="backend.tests.test_iteration2" name="test_register_with_phone_only" time="0.456" /><testcase classname="backend.tests.test_iteration2" name="test_login_with_phone" time="0.353" /><testcase classname="backend.tests.test_iteration2" name="test_duplicate_phone_register_fails" time="0.156" /><testcase classname="backend.tests.test_iteration2" name="test_short_phone_rejected" time="0.095" /><testcase classname="backend.tests.test_iteration2" name="test_addresses_crud" time="0.504" /><testcase classname="backend.tests.test_iteration2" name="test_addresses_requires_auth" time="0.095" /><testcase classname="backend.tests.test_iteration2" name="test_admin_create_coupon" time="0.410" /><testcase classname="backend.tests.test_iteration2" name="test_admin_list_coupons" time="0.122" /><testcase classname="backend.tests.test_iteration2" name="test_admin_update_coupon" time="0.098" /><testcase classname="backend.tests.test_iteration2" name="test_public_coupon_lookup_active" time="0.101" /><testcase classname="backend.tests.test_iteration2" name="test_public_coupon_lookup_inactive_returns_404" time="0.285" /><testcase classname="backend.tests.test_iteration2" name="test_config_returns_active_public_offers" time="0.092" /><testcase classname="backend.tests.test_iteration2" name="test_order_with_percent_coupon" time="0.230" /><testcase classname="backend.tests.test_iteration2" name="test_admin_delete_coupon" time="0.198" /></testsuite></testsuites>