<?xml version="1.0" encoding="utf-8"?><testsuites name="pytest tests"><testsuite name="pytest" errors="0" failures="1" skipped="0" tests="31" time="6.848" timestamp="2026-06-24T09:05:58.390128+00:00" hostname="agent-env-4e207011-8240-47ba-908c-ceaf9187b71d"><testcase classname="backend.tests.test_backend" name="test_products_list" time="0.148" /><testcase classname="backend.tests.test_backend" name="test_categories" time="0.096" /><testcase classname="backend.tests.test_backend" name="test_product_detail" time="0.196" /><testcase classname="backend.tests.test_backend" name="test_login_with_new_user" time="0.628" /><testcase classname="backend.tests.test_backend" name="test_auth_me" time="0.091"><failure message="AssertionError: assert 'test_user_768f64@test.com' == 'TEST_user_768f64@test.com'&#10;  &#10;  - TEST_user_768f64@test.com&#10;  ? ^^^^&#10;  + test_user_768f64@test.com&#10;  ? ^^^^">backend/tests/test_backend.py:59: in test_auth_me
    assert r.json()["email"] == customer["email"]
E   AssertionError: assert 'test_user_768f64@test.com' == 'TEST_user_768f64@test.com'
E     
E     - TEST_user_768f64@test.com
E     ? ^^^^
E     + test_user_768f64@test.com
E     ? ^^^^</failure></testcase><testcase classname="backend.tests.test_backend" name="test_admin_login" time="0.322" /><testcase classname="backend.tests.test_backend" name="test_non_admin_403" time="0.105" /><testcase classname="backend.tests.test_backend" name="test_pincode_cod_yes" time="0.121" /><testcase classname="backend.tests.test_backend" name="test_pincode_cod_no" time="0.089" /><testcase classname="backend.tests.test_backend" name="test_cod_rejected_non_cod_pin" time="0.186" /><testcase classname="backend.tests.test_backend" name="test_qr_order_with_proof" time="0.466" /><testcase classname="backend.tests.test_backend" name="test_admin_dashboard" time="0.106" /><testcase classname="backend.tests.test_backend" name="test_admin_orders_list" time="0.107" /><testcase classname="backend.tests.test_backend" name="test_admin_update_order_status" time="0.384" /><testcase classname="backend.tests.test_backend" name="test_admin_product_crud" time="0.375" /><testcase classname="backend.tests.test_backend" name="test_rental_booking" time="0.202" /><testcase classname="backend.tests.test_backend" name="test_google_session_fake_401" time="0.209" /><testcase classname="backend.tests.test_iteration2" name="test_register_with_phone_only" time="0.328" /><testcase classname="backend.tests.test_iteration2" name="test_login_with_phone" time="0.334" /><testcase classname="backend.tests.test_iteration2" name="test_duplicate_phone_register_fails" time="0.099" /><testcase classname="backend.tests.test_iteration2" name="test_short_phone_rejected" time="0.095" /><testcase classname="backend.tests.test_iteration2" name="test_addresses_crud" time="0.500" /><testcase classname="backend.tests.test_iteration2" name="test_addresses_requires_auth" time="0.095" /><testcase classname="backend.tests.test_iteration2" name="test_admin_create_coupon" time="0.421" /><testcase classname="backend.tests.test_iteration2" name="test_admin_list_coupons" time="0.096" /><testcase classname="backend.tests.test_iteration2" name="test_admin_update_coupon" time="0.106" /><testcase classname="backend.tests.test_iteration2" name="test_public_coupon_lookup_active" time="0.093" /><testcase classname="backend.tests.test_iteration2" name="test_public_coupon_lookup_inactive_returns_404" time="0.274" /><testcase classname="backend.tests.test_iteration2" name="test_config_returns_active_public_offers" time="0.091" /><testcase classname="backend.tests.test_iteration2" name="test_order_with_percent_coupon" time="0.182" /><testcase classname="backend.tests.test_iteration2" name="test_admin_delete_coupon" time="0.189" /></testsuite></testsuites>